Using pre-set license

 COMMAND LINE ARGUMENTS:
/Applications/Unity/Hub/Editor/2020.3.11f1/Unity.app/Contents/MacOS/Unity
-adb2
-batchMode
-noUpm
-name
AssetImportWorker0
-projectPath
/Users/sofia/udemy/UnityInput
-logFile
Logs/AssetImportWorker0.log
-srvPort
57004
Successfully changed project path to: /Users/sofia/udemy/UnityInput
/Users/sofia/udemy/UnityInput
Using Asset Import Pipeline V2.
Refreshing native plugins compatible for Editor in 33.01 ms, found 2 plugins.
Preloading 0 native plugins for Editor in 0.00 ms.
Initialize engine version: 2020.3.11f1 (99c7afb366b3)
[Subsystems] Discovering subsystems at path /Applications/Unity/Hub/Editor/2020.3.11f1/Unity.app/Contents/Resources/UnitySubsystems
[Subsystems] Discovering subsystems at path /Users/sofia/udemy/UnityInput/Assets
GfxDevice: creating device client; threaded=0
2021-06-19 17:24:48.992 Unity[10242:296982] LG HDR 4K preferred device: Intel(R) Iris(TM) Graphics 550 (low power)
2021-06-19 17:24:48.992 Unity[10242:296982] Metal devices available: 1
2021-06-19 17:24:48.992 Unity[10242:296982] 0: Intel(R) Iris(TM) Graphics 550 (low power)
2021-06-19 17:24:48.992 Unity[10242:296982] Using device Intel(R) Iris(TM) Graphics 550 (low power)
Initializing Metal device caps: Intel(R) Iris(TM) Graphics 550
Initialize mono
Mono path[0] = '/Applications/Unity/Hub/Editor/2020.3.11f1/Unity.app/Contents/Managed'
Mono path[1] = '/Applications/Unity/Hub/Editor/2020.3.11f1/Unity.app/Contents/MonoBleedingEdge/lib/mono/unityjit'
Mono config path = '/Applications/Unity/Hub/Editor/2020.3.11f1/Unity.app/Contents/MonoBleedingEdge/etc'
Using monoOptions --debugger-agent=transport=dt_socket,embedding=1,server=y,suspend=n,address=127.0.0.1:56242
Begin MonoManager ReloadAssembly
Registering precompiled unity dll's ...
Register platform support module: /Applications/Unity/Hub/Editor/2020.3.11f1/Unity.app/Contents/PlaybackEngines/MacStandaloneSupport/UnityEditor.OSXStandalone.Extensions.dll
Registered in 0.000636 seconds.
Native extension for OSXStandalone target not found
Refreshing native plugins compatible for Editor in 33.21 ms, found 2 plugins.
Preloading 0 native plugins for Editor in 0.00 ms.
Mono: successfully reloaded assembly
- Completed reload, in  4.150 seconds
Platform modules already initialized, skipping
Registering precompiled user dll's ...
Registered in 0.001754 seconds.
Begin MonoManager ReloadAssembly
Native extension for OSXStandalone target not found
Refreshing native plugins compatible for Editor in 0.35 ms, found 2 plugins.
Preloading 0 native plugins for Editor in 0.00 ms.
Mono: successfully reloaded assembly
- Completed reload, in  1.582 seconds
Platform modules already initialized, skipping
========================================================================
Worker process is ready to serve import requests
Launching external process: /Applications/Unity/Hub/Editor/2020.3.11f1/Unity.app/Contents/Tools/UnityShaderCompiler
Launched and connected shader compiler UnityShaderCompiler after 0.02 seconds
Refreshing native plugins compatible for Editor in 0.46 ms, found 2 plugins.
Preloading 0 native plugins for Editor in 0.00 ms.
Unloading 1387 Unused Serialized files (Serialized files now loaded: 0)
System memory in use before: 138.2 MB.
System memory in use after: 138.2 MB.

Unloading 19 unused Assets to reduce memory usage. Loaded Objects now: 1820.
Total: 3.872524 ms (FindLiveObjects: 0.650650 ms CreateObjectMapping: 0.140228 ms MarkObjects: 2.921668 ms  DeleteObjects: 0.157970 ms)

========================================================================
Received Import Request.
  path: Assets/PlayerMaterial.mat
  artifactKey: Guid(b4e3dbde10b9744449f213e783d806ce) Importer(815301076,1909f56bfc062723c751e8b465ee728b)
Start importing Assets/PlayerMaterial.mat using Guid(b4e3dbde10b9744449f213e783d806ce) Importer(815301076,1909f56bfc062723c751e8b465ee728b)  -> (artifact id: 'ed8a27416abea38f965b82cbd5d41ac0') in 1.904969 seconds
  Import took 1.908749 seconds .

========================================================================
Received Import Request.
  Time since last request: 21.158875 seconds.
  path: Assets/Player.cs
  artifactKey: Guid(7a82cd4906f7743188dab03bedd2c0de) Importer(815301076,1909f56bfc062723c751e8b465ee728b)
Start importing Assets/Player.cs using Guid(7a82cd4906f7743188dab03bedd2c0de) Importer(815301076,1909f56bfc062723c751e8b465ee728b)  -> (artifact id: '3a3299f565601b50987cf69ad6c90b8e') in 0.468275 seconds
  Import took 0.471436 seconds .

========================================================================
Received Prepare
Registering precompiled user dll's ...
Registered in 0.001704 seconds.
Begin MonoManager ReloadAssembly
Native extension for OSXStandalone target not found
Refreshing native plugins compatible for Editor in 0.38 ms, found 2 plugins.
Preloading 0 native plugins for Editor in 0.00 ms.
Mono: successfully reloaded assembly
- Completed reload, in  1.413 seconds
Platform modules already initialized, skipping
Refreshing native plugins compatible for Editor in 0.50 ms, found 2 plugins.
Preloading 0 native plugins for Editor in 0.00 ms.
Unloading 1383 Unused Serialized files (Serialized files now loaded: 0)
System memory in use before: 150.7 MB.
System memory in use after: 150.8 MB.

Unloading 14 unused Assets to reduce memory usage. Loaded Objects now: 1864.
Total: 2.517956 ms (FindLiveObjects: 0.176039 ms CreateObjectMapping: 0.088934 ms MarkObjects: 2.192248 ms  DeleteObjects: 0.059599 ms)

========================================================================
Received Prepare
Registering precompiled user dll's ...
Registered in 0.005864 seconds.
Begin MonoManager ReloadAssembly
Native extension for OSXStandalone target not found
Refreshing native plugins compatible for Editor in 0.42 ms, found 2 plugins.
Preloading 0 native plugins for Editor in 0.00 ms.
Mono: successfully reloaded assembly
- Completed reload, in  1.538 seconds
Platform modules already initialized, skipping
Refreshing native plugins compatible for Editor in 0.32 ms, found 2 plugins.
Preloading 0 native plugins for Editor in 0.00 ms.
Unloading 1383 Unused Serialized files (Serialized files now loaded: 0)
System memory in use before: 151.0 MB.
System memory in use after: 151.0 MB.

Unloading 14 unused Assets to reduce memory usage. Loaded Objects now: 1867.
Total: 3.409754 ms (FindLiveObjects: 0.342995 ms CreateObjectMapping: 0.062801 ms MarkObjects: 2.905727 ms  DeleteObjects: 0.096541 ms)

========================================================================
Received Import Request.
  Time since last request: 52.062022 seconds.
  path: Assets/Player.cs
  artifactKey: Guid(7a82cd4906f7743188dab03bedd2c0de) Importer(815301076,1909f56bfc062723c751e8b465ee728b)
Start importing Assets/Player.cs using Guid(7a82cd4906f7743188dab03bedd2c0de) Importer(815301076,1909f56bfc062723c751e8b465ee728b)  -> (artifact id: '7e934c384acc7c3557ba14bf2a68de65') in 0.005965 seconds
  Import took 0.010285 seconds .

========================================================================
Received Import Request.
  Time since last request: 0.006536 seconds.
  path: Assets/Player.cs
  artifactKey: Guid(7a82cd4906f7743188dab03bedd2c0de) Importer(815301076,1909f56bfc062723c751e8b465ee728b)
Start importing Assets/Player.cs using Guid(7a82cd4906f7743188dab03bedd2c0de) Importer(815301076,1909f56bfc062723c751e8b465ee728b)  -> (artifact id: '7e934c384acc7c3557ba14bf2a68de65') in 0.001673 seconds
  Import took 0.004869 seconds .

========================================================================
Received Prepare
Registering precompiled user dll's ...
Registered in 0.004378 seconds.
Begin MonoManager ReloadAssembly
Native extension for OSXStandalone target not found
Refreshing native plugins compatible for Editor in 0.36 ms, found 2 plugins.
Preloading 0 native plugins for Editor in 0.00 ms.
Mono: successfully reloaded assembly
- Completed reload, in  1.450 seconds
Platform modules already initialized, skipping
Refreshing native plugins compatible for Editor in 0.34 ms, found 2 plugins.
Preloading 0 native plugins for Editor in 0.00 ms.
Unloading 1383 Unused Serialized files (Serialized files now loaded: 0)
System memory in use before: 151.3 MB.
System memory in use after: 151.4 MB.

Unloading 14 unused Assets to reduce memory usage. Loaded Objects now: 1870.
Total: 2.500091 ms (FindLiveObjects: 0.167884 ms CreateObjectMapping: 0.056017 ms MarkObjects: 2.220048 ms  DeleteObjects: 0.054893 ms)

========================================================================
Received Prepare
Registering precompiled user dll's ...
Registered in 0.005281 seconds.
Begin MonoManager ReloadAssembly
Native extension for OSXStandalone target not found
Refreshing native plugins compatible for Editor in 0.36 ms, found 2 plugins.
Preloading 0 native plugins for Editor in 0.00 ms.
Mono: successfully reloaded assembly
- Completed reload, in  1.518 seconds
Platform modules already initialized, skipping
Refreshing native plugins compatible for Editor in 0.45 ms, found 2 plugins.
Preloading 0 native plugins for Editor in 0.00 ms.
Unloading 1383 Unused Serialized files (Serialized files now loaded: 0)
System memory in use before: 151.5 MB.
System memory in use after: 151.6 MB.

Unloading 14 unused Assets to reduce memory usage. Loaded Objects now: 1873.
Total: 2.432864 ms (FindLiveObjects: 0.178787 ms CreateObjectMapping: 0.049204 ms MarkObjects: 2.146111 ms  DeleteObjects: 0.057621 ms)

========================================================================
Received Prepare
Registering precompiled user dll's ...
Registered in 0.001889 seconds.
Begin MonoManager ReloadAssembly
Native extension for OSXStandalone target not found
Refreshing native plugins compatible for Editor in 0.36 ms, found 2 plugins.
Preloading 0 native plugins for Editor in 0.00 ms.
Mono: successfully reloaded assembly
- Completed reload, in  1.818 seconds
Platform modules already initialized, skipping
Refreshing native plugins compatible for Editor in 0.75 ms, found 2 plugins.
Preloading 0 native plugins for Editor in 0.00 ms.
Unloading 1383 Unused Serialized files (Serialized files now loaded: 0)
System memory in use before: 151.7 MB.
System memory in use after: 151.8 MB.

Unloading 14 unused Assets to reduce memory usage. Loaded Objects now: 1876.
Total: 4.947085 ms (FindLiveObjects: 0.542220 ms CreateObjectMapping: 0.189055 ms MarkObjects: 4.048623 ms  DeleteObjects: 0.164049 ms)

========================================================================
Received Prepare
Registering precompiled user dll's ...
Registered in 0.003903 seconds.
Begin MonoManager ReloadAssembly
Native extension for OSXStandalone target not found
Refreshing native plugins compatible for Editor in 0.46 ms, found 2 plugins.
Preloading 0 native plugins for Editor in 0.00 ms.
Mono: successfully reloaded assembly
- Completed reload, in  1.606 seconds
Platform modules already initialized, skipping
Refreshing native plugins compatible for Editor in 0.38 ms, found 2 plugins.
Preloading 0 native plugins for Editor in 0.00 ms.
Unloading 1383 Unused Serialized files (Serialized files now loaded: 0)
System memory in use before: 151.9 MB.
System memory in use after: 152.0 MB.

Unloading 14 unused Assets to reduce memory usage. Loaded Objects now: 1879.
Total: 3.150843 ms (FindLiveObjects: 0.228670 ms CreateObjectMapping: 0.078230 ms MarkObjects: 2.769737 ms  DeleteObjects: 0.072568 ms)

========================================================================
Received Prepare
Registering precompiled user dll's ...
Registered in 0.002738 seconds.
Begin MonoManager ReloadAssembly
Native extension for OSXStandalone target not found
Refreshing native plugins compatible for Editor in 0.37 ms, found 2 plugins.
Preloading 0 native plugins for Editor in 0.00 ms.
Mono: successfully reloaded assembly
- Completed reload, in  1.629 seconds
Platform modules already initialized, skipping
Refreshing native plugins compatible for Editor in 0.34 ms, found 2 plugins.
Preloading 0 native plugins for Editor in 0.00 ms.
Unloading 1383 Unused Serialized files (Serialized files now loaded: 0)
System memory in use before: 152.1 MB.
System memory in use after: 152.1 MB.

Unloading 14 unused Assets to reduce memory usage. Loaded Objects now: 1882.
Total: 2.071705 ms (FindLiveObjects: 0.168782 ms CreateObjectMapping: 0.044791 ms MarkObjects: 1.804864 ms  DeleteObjects: 0.052472 ms)

========================================================================
Received Import Request.
  Time since last request: 1801.470909 seconds.
  path: Assets/Player.cs
  artifactKey: Guid(7a82cd4906f7743188dab03bedd2c0de) Importer(815301076,1909f56bfc062723c751e8b465ee728b)
Start importing Assets/Player.cs using Guid(7a82cd4906f7743188dab03bedd2c0de) Importer(815301076,1909f56bfc062723c751e8b465ee728b)  -> (artifact id: 'f7791c3dba660bf6bcc4a02f739d3d05') in 0.006472 seconds
  Import took 0.010442 seconds .

========================================================================
Received Prepare
Registering precompiled user dll's ...
Registered in 0.003934 seconds.
Begin MonoManager ReloadAssembly
Native extension for OSXStandalone target not found
Refreshing native plugins compatible for Editor in 0.36 ms, found 2 plugins.
Preloading 0 native plugins for Editor in 0.00 ms.
Mono: successfully reloaded assembly
- Completed reload, in  1.569 seconds
Platform modules already initialized, skipping
Refreshing native plugins compatible for Editor in 0.35 ms, found 2 plugins.
Preloading 0 native plugins for Editor in 0.00 ms.
Unloading 1383 Unused Serialized files (Serialized files now loaded: 0)
System memory in use before: 152.3 MB.
System memory in use after: 152.3 MB.

Unloading 14 unused Assets to reduce memory usage. Loaded Objects now: 1885.
Total: 2.510772 ms (FindLiveObjects: 0.177189 ms CreateObjectMapping: 0.049865 ms MarkObjects: 2.223251 ms  DeleteObjects: 0.059451 ms)

========================================================================
Received Prepare
Registering precompiled user dll's ...
Registered in 0.002000 seconds.
Begin MonoManager ReloadAssembly
Native extension for OSXStandalone target not found
Refreshing native plugins compatible for Editor in 0.36 ms, found 2 plugins.
Preloading 0 native plugins for Editor in 0.00 ms.
Mono: successfully reloaded assembly
- Completed reload, in  1.480 seconds
Platform modules already initialized, skipping
Refreshing native plugins compatible for Editor in 0.32 ms, found 2 plugins.
Preloading 0 native plugins for Editor in 0.00 ms.
Unloading 1383 Unused Serialized files (Serialized files now loaded: 0)
System memory in use before: 152.4 MB.
System memory in use after: 152.5 MB.

Unloading 14 unused Assets to reduce memory usage. Loaded Objects now: 1888.
Total: 1.925875 ms (FindLiveObjects: 0.163917 ms CreateObjectMapping: 0.048808 ms MarkObjects: 1.662011 ms  DeleteObjects: 0.050329 ms)

AssetImportWorkerClient::OnTransportError - code=2 error=End of file
